<?xml version="1.0" encoding="UTF-8"?>
<!-- Generated by org.testng.reporters.JUnitReportReporter -->
<testsuite hostname="L5530QA0123VR" failures="0" tests="1" name="test.TestNGDemo" time="2.245" errors="0" timestamp="2025-04-30T22:19:12 EDT" skipped="0">
  <testcase classname="test.TestNGDemo" name="googlesearch" time="2.245"/>
</testsuite> <!-- test.TestNGDemo -->
