<?xml version="1.0" encoding="UTF-8"?>
<!-- Generated by org.testng.reporters.JUnitReportReporter -->
<testsuite hostname="L5530QA0123VR" failures="0" tests="1" name="test.LoginTest" time="3.042" errors="0" timestamp="2025-05-05T12:24:57 EDT" skipped="0">
  <testcase classname="test.LoginTest" name="testValidLogin" time="3.042"/>
</testsuite> <!-- test.LoginTest -->
